[debug] [2018-10-10T05:30:57.955Z] ----------------------------------------------------------------------
[debug] [2018-10-10T05:30:57.957Z] Command:       /Users/ronanfuruta/.nvm/versions/node/v9.5.0/bin/node /Users/ronanfuruta/.nvm/versions/node/v9.5.0/bin/firebase deploy
[debug] [2018-10-10T05:30:57.957Z] CLI Version:   5.0.1
[debug] [2018-10-10T05:30:57.957Z] Platform:      darwin
[debug] [2018-10-10T05:30:57.957Z] Node Version:  v9.5.0
[debug] [2018-10-10T05:30:57.958Z] Time:          Tue Oct 09 2018 22:30:57 GMT-0700 (PDT)
[debug] [2018-10-10T05:30:57.958Z] ----------------------------------------------------------------------
[debug] 
[debug] [2018-10-10T05:30:57.966Z] > command requires scopes: ["email","openid","https://www.googleapis.com/auth/cloudplatformprojects.readonly","https://www.googleapis.com/auth/firebase","https://www.googleapis.com/auth/cloud-platform"]
[debug] [2018-10-10T05:30:57.966Z] > authorizing via signed-in user
[debug] [2018-10-10T05:30:57.966Z] [iam] checking project hyphenhacks-dc851 for permissions ["cloudfunctions.functions.create","cloudfunctions.functions.delete","cloudfunctions.functions.get","cloudfunctions.functions.list","cloudfunctions.functions.update","cloudfunctions.operations.get","firebase.projects.get","firebasehosting.sites.update"]
[debug] [2018-10-10T05:30:57.968Z] >>> HTTP REQUEST POST https://cloudresourcemanager.googleapis.com/v1/projects/hyphenhacks-dc851:testIamPermissions  

[debug] [2018-10-10T05:30:58.390Z] <<< HTTP RESPONSE 200
[debug] [2018-10-10T05:30:58.391Z] >>> HTTP REQUEST GET https://admin.firebase.com/v1/projects/hyphenhacks-dc851  
 
[debug] [2018-10-10T05:30:59.462Z] <<< HTTP RESPONSE 200
[info] 
[info] === Deploying to 'hyphenhacks-dc851'...
[info] 
[info] i  deploying functions, hosting
[debug] [2018-10-10T05:31:00.786Z] > [functions] package.json contents: {
  "name": "functions",
  "description": "Cloud Functions for Firebase",
  "scripts": {
    "serve": "firebase serve --only functions",
    "shell": "firebase functions:shell",
    "start": "npm run shell",
    "deploy": "firebase deploy --only functions",
    "logs": "firebase functions:log"
  },
  "dependencies": {
    "firebase-admin": "~6.0.0",
    "firebase-functions": "^2.0.3",
    "node-fetch": "^2.2.0",
    "slackbot": "0.0.2",
    "slackbots": "^1.1.0"
  },
  "private": true
}
[info] i  functions: ensuring necessary APIs are enabled...
[debug] [2018-10-10T05:31:00.787Z] >>> HTTP REQUEST GET https://servicemanagement.googleapis.com/v1/services/cloudfunctions.googleapis.com/projectSettings/hyphenhacks-dc851?view=CONSUMER_VIEW  
 
[debug] [2018-10-10T05:31:00.787Z] >>> HTTP REQUEST GET https://servicemanagement.googleapis.com/v1/services/runtimeconfig.googleapis.com/projectSettings/hyphenhacks-dc851?view=CONSUMER_VIEW  
 
[debug] [2018-10-10T05:31:01.792Z] <<< HTTP RESPONSE 200
[debug] [2018-10-10T05:31:01.885Z] <<< HTTP RESPONSE 200
[info] ✔  functions: all necessary APIs are enabled
[debug] [2018-10-10T05:31:01.886Z] >>> HTTP REQUEST GET https://cloudresourcemanager.googleapis.com/v1/projects/hyphenhacks-dc851  
 
[debug] [2018-10-10T05:31:02.201Z] <<< HTTP RESPONSE 200
[debug] [2018-10-10T05:31:02.201Z] >>> HTTP REQUEST GET https://mobilesdk-pa.googleapis.com/v1/projects/1007828831500:getServerAppConfig  
 
[debug] [2018-10-10T05:31:02.714Z] <<< HTTP RESPONSE 200
[debug] [2018-10-10T05:31:02.716Z] >>> HTTP REQUEST POST https://firebasehosting.googleapis.com/v1beta1/sites/hyphenhacks-dc851/versions  

[debug] [2018-10-10T05:31:04.178Z] <<< HTTP RESPONSE 200
[info] i  functions: preparing functions directory for uploading...
[debug] [2018-10-10T05:31:04.179Z] >>> HTTP REQUEST GET https://runtimeconfig.googleapis.com/v1beta1/projects/hyphenhacks-dc851/configs  
 
[debug] [2018-10-10T05:31:04.706Z] <<< HTTP RESPONSE 200
[info] i  functions: packaged functions (46.41 KB) for uploading
[debug] [2018-10-10T05:31:04.953Z] >>> HTTP REQUEST POST https://cloudfunctions.googleapis.com/v1/projects/hyphenhacks-dc851/locations/us-central1/functions:generateUploadUrl  
 
[debug] [2018-10-10T05:31:05.545Z] <<< HTTP RESPONSE 200
[debug] [2018-10-10T05:31:05.546Z] >>> HTTP REQUEST PUT https://storage.googleapis.com/gcf-upload-us-central1-f21c20d7-79c5-4e8d-a48e-5ce1e5f6c349/3139a6d0-d4df-4ce6-9003-843240d3efb9.zip?GoogleAccessId=service-1007828831500@gcf-admin-robot.iam.gserviceaccount.com&Expires=1539151266&Signature=I8Ntedbmo%2BeWiswdK%2FilqqNSUjStFJSgUBML534RhscQIADfKwftVmQv07QnB1i3tvnhosa3ub34ZBiz757wIHX4xbuYuprIuBY9PPf9TIPzjb46Hirf3z7GH%2FgvYmw0Juf04DcgtvJLAcz1GUz7vTUynTCl5uFtG%2Bm8TEL3VYJurv3tq3yICcMElAqbqTsjoiJ69blgLU7RuMQ3IByKyY0ZaD6Kps1RoJAsc7bdRaae3NHHaxaHMBR31a76aYPOxmIwIuV60yuC4Ztk4U4RBgPlwJnOqDtHurNNXosN9CZuEnVwj02w26JeqTnlumQS1x35mdDukNAJ3qzzwgqBRA%3D%3D  

[debug] [2018-10-10T05:31:06.341Z] <<< HTTP RESPONSE 200
[info] ✔  functions: functions folder uploaded successfully
[info] i  hosting[hyphenhacks-dc851]: beginning deploy...
[info] i  hosting[hyphenhacks-dc851]: found 331 files in public
[debug] [2018-10-10T05:31:06.402Z] [hosting] hash cache [cHVibGlj] stored for 331 files
[debug] [2018-10-10T05:31:06.402Z] [hosting][hash queue][FINAL]
[debug] [2018-10-10T05:31:06.402Z] >>> HTTP REQUEST POST https://firebasehosting.googleapis.com/v1beta1/sites/hyphenhacks-dc851/versions/3c4c838c769078d9:populateFiles  
 <request body omitted>
[debug] [2018-10-10T05:31:08.737Z] <<< HTTP RESPONSE 200
[debug] [2018-10-10T05:31:08.738Z] [hosting][populate queue][FINAL]
[debug] [2018-10-10T05:31:08.738Z] [hosting] uploads queued: 0
[debug] [2018-10-10T05:31:08.738Z] [hosting][upload queue][FINAL]
[info] ✔  hosting[hyphenhacks-dc851]: file upload complete
[debug] [2018-10-10T05:31:08.739Z] [hosting] deploy completed after 2397ms
[debug] [2018-10-10T05:31:08.740Z] >>> HTTP REQUEST GET https://cloudfunctions.googleapis.com/v1/projects/hyphenhacks-dc851/locations/-/functions  
 
