[debug] [2018-10-11T01:40:29.260Z] ----------------------------------------------------------------------
[debug] [2018-10-11T01:40:29.262Z] Command:       /Users/ronanfuruta/.nvm/versions/node/v9.5.0/bin/node /Users/ronanfuruta/.nvm/versions/node/v9.5.0/bin/firebase deploy --only functions
[debug] [2018-10-11T01:40:29.262Z] CLI Version:   5.0.1
[debug] [2018-10-11T01:40:29.262Z] Platform:      darwin
[debug] [2018-10-11T01:40:29.262Z] Node Version:  v9.5.0
[debug] [2018-10-11T01:40:29.262Z] Time:          Wed Oct 10 2018 18:40:29 GMT-0700 (PDT)
[debug] [2018-10-11T01:40:29.262Z] ----------------------------------------------------------------------
[debug] 
[debug] [2018-10-11T01:40:29.277Z] > command requires scopes: ["email","openid","https://www.googleapis.com/auth/cloudplatformprojects.readonly","https://www.googleapis.com/auth/firebase","https://www.googleapis.com/auth/cloud-platform"]
[debug] [2018-10-11T01:40:29.277Z] > authorizing via signed-in user
[debug] [2018-10-11T01:40:29.277Z] [iam] checking project hyphenhacks-dc851 for permissions ["cloudfunctions.functions.create","cloudfunctions.functions.delete","cloudfunctions.functions.get","cloudfunctions.functions.list","cloudfunctions.functions.update","cloudfunctions.operations.get","firebase.projects.get"]
[debug] [2018-10-11T01:40:29.278Z] > refreshing access token with scopes: ["email","https://www.googleapis.com/auth/cloud-platform","https://www.googleapis.com/auth/cloudplatformprojects.readonly","https://www.googleapis.com/auth/firebase","openid"]
[debug] [2018-10-11T01:40:29.279Z] >>> HTTP REQUEST POST https://www.googleapis.com/oauth2/v3/token  
 <request body omitted>
[debug] [2018-10-11T01:40:30.875Z] <<< HTTP RESPONSE 200
[debug] [2018-10-11T01:40:30.892Z] >>> HTTP REQUEST POST https://cloudresourcemanager.googleapis.com/v1/projects/hyphenhacks-dc851:testIamPermissions  

[debug] [2018-10-11T01:40:31.351Z] <<< HTTP RESPONSE 200
[info] 
[info] === Deploying to 'hyphenhacks-dc851'...
[info] 
[info] i  deploying functions
[debug] [2018-10-11T01:40:33.692Z] > [functions] package.json contents: {
  "name": "functions",
  "description": "Cloud Functions for Firebase",
  "scripts": {
    "serve": "firebase serve --only functions",
    "shell": "firebase functions:shell",
    "start": "npm run shell",
    "deploy": "firebase deploy --only functions",
    "logs": "firebase functions:log"
  },
  "dependencies": {
    "firebase-admin": "~6.0.0",
    "firebase-functions": "^2.0.3",
    "node-fetch": "^2.2.0",
    "slackbot": "0.0.2",
    "slackbots": "^1.1.0"
  },
  "private": true
}
[info] i  functions: ensuring necessary APIs are enabled...
[debug] [2018-10-11T01:40:33.693Z] >>> HTTP REQUEST GET https://servicemanagement.googleapis.com/v1/services/cloudfunctions.googleapis.com/projectSettings/hyphenhacks-dc851?view=CONSUMER_VIEW  
 
[debug] [2018-10-11T01:40:33.694Z] >>> HTTP REQUEST GET https://servicemanagement.googleapis.com/v1/services/runtimeconfig.googleapis.com/projectSettings/hyphenhacks-dc851?view=CONSUMER_VIEW  
 
[debug] [2018-10-11T01:40:35.176Z] <<< HTTP RESPONSE 200
[debug] [2018-10-11T01:40:35.290Z] <<< HTTP RESPONSE 200
[info] ✔  functions: all necessary APIs are enabled
[debug] [2018-10-11T01:40:35.293Z] >>> HTTP REQUEST GET https://cloudresourcemanager.googleapis.com/v1/projects/hyphenhacks-dc851  
 
[debug] [2018-10-11T01:40:35.646Z] <<< HTTP RESPONSE 200
[debug] [2018-10-11T01:40:35.646Z] >>> HTTP REQUEST GET https://mobilesdk-pa.googleapis.com/v1/projects/1007828831500:getServerAppConfig  
 
[debug] [2018-10-11T01:40:36.105Z] <<< HTTP RESPONSE 200
[info] i  functions: preparing functions directory for uploading...
[debug] [2018-10-11T01:40:36.107Z] >>> HTTP REQUEST GET https://runtimeconfig.googleapis.com/v1beta1/projects/hyphenhacks-dc851/configs  
 
[debug] [2018-10-11T01:40:36.792Z] <<< HTTP RESPONSE 200
[info] i  functions: packaged functions (46.69 KB) for uploading
[debug] [2018-10-11T01:40:37.285Z] >>> HTTP REQUEST POST https://cloudfunctions.googleapis.com/v1/projects/hyphenhacks-dc851/locations/us-central1/functions:generateUploadUrl  
 
